2025-06-01 16:39:22 - __main__ - INFO - Iniciando validação de conectividade...
2025-06-01 16:39:23 - __main__ - INFO - Validação de conectividade concluída com sucesso
2025-06-01 16:39:33 - __main__ - INFO - Iniciando extração de dados...
2025-06-01 16:39:41 - __main__ - INFO - Extração concluída com sucesso. 24 arquivos salvos
2025-06-01 16:39:48 - __main__ - INFO - Iniciando validação dos resultados...
2025-06-01 16:39:48 - __main__ - INFO - Validação dos resultados concluída com sucesso
2025-06-01 16:49:45 - __main__ - INFO - Iniciando validação de conectividade...
2025-06-01 16:49:45 - __main__ - INFO - Validação de conectividade concluída com sucesso
2025-06-01 16:49:48 - __main__ - INFO - Iniciando extração de dados...
2025-06-01 16:49:56 - __main__ - INFO - Extração concluída com sucesso. 24 arquivos salvos
2025-06-01 16:50:01 - __main__ - INFO - Iniciando validação dos resultados...
2025-06-01 16:50:01 - __main__ - INFO - Validação dos resultados concluída com sucesso
2025-06-01 17:10:13 - __main__ - INFO - Iniciando validação de conectividade...
2025-06-01 17:10:14 - __main__ - INFO - Validação de conectividade concluída com sucesso
2025-06-01 17:10:16 - __main__ - INFO - Iniciando extração de dados...
2025-06-01 17:10:28 - __main__ - INFO - Extração concluída com sucesso. 24 arquivos salvos
2025-06-01 17:10:39 - __main__ - INFO - Iniciando validação dos resultados...
2025-06-01 17:10:39 - __main__ - INFO - Validação dos resultados concluída com sucesso
2025-06-01 17:16:24 - __main__ - INFO - Iniciando validação de conectividade...
2025-06-01 17:16:24 - __main__ - INFO - Validação de conectividade concluída com sucesso
2025-06-01 17:16:24 - __main__ - INFO - Iniciando extração de dados...
2025-06-01 17:16:24 - __main__ - INFO - Extração concluída com sucesso. 48 arquivos salvos
2025-06-01 17:16:24 - __main__ - INFO - Iniciando validação dos resultados...
2025-06-01 17:16:24 - __main__ - INFO - Validação dos resultados concluída com sucesso
2025-06-01 17:17:06 - __main__ - INFO - Iniciando validação de conectividade...
2025-06-01 17:17:06 - __main__ - INFO - Validação de conectividade concluída com sucesso
2025-06-01 17:17:06 - __main__ - INFO - Iniciando extração de dados...
2025-06-01 17:17:07 - __main__ - INFO - Extração concluída com sucesso. 72 arquivos salvos
2025-06-01 17:17:07 - __main__ - INFO - Iniciando validação dos resultados...
2025-06-01 17:17:07 - __main__ - INFO - Validação dos resultados concluída com sucesso
