2025-06-01 17:29:42 - __main__ - INFO - Validação de conectividade concluída com sucesso
2025-06-01 17:30:40 - __main__ - INFO - Extração concluída: 24 arquivos
2025-06-01 17:30:47 - __main__ - INFO - Validação dos dados extraídos concluída com sucesso
2025-06-01 17:34:18 - __main__ - INFO - Transformação concluída: 24 parquets
2025-06-01 17:34:39 - __main__ - INFO - Consolidação concluída: aerogeradores_consolidado_20250601_173438.csv
2025-06-01 17:41:43 - __main__ - INFO - Validação de conectividade concluída com sucesso
2025-06-01 17:42:05 - __main__ - INFO - Extração concluída: 24 arquivos
2025-06-01 17:42:09 - __main__ - INFO - Validação dos dados extraídos concluída com sucesso
2025-06-01 17:42:16 - __main__ - INFO - Transformação concluída: 24 parquets
2025-06-01 17:42:25 - __main__ - INFO - Consolidação concluída: aerogeradores_consolidado_20250601_174225.csv
2025-06-01 17:43:23 - __main__ - INFO - Validação dos dados extraídos concluída com sucesso
2025-06-01 17:43:30 - __main__ - ERROR - Erro durante transformação: 'reason'
2025-06-01 17:50:35 - __main__ - INFO - Validação de conectividade concluída com sucesso
2025-06-01 17:51:23 - __main__ - INFO - Extração concluída: 24 arquivos
2025-06-01 17:51:23 - __main__ - INFO - Validação dos dados extraídos concluída com sucesso
2025-06-01 17:51:23 - __main__ - INFO - Transformação concluída: 24 parquets
2025-06-01 17:51:24 - __main__ - INFO - Consolidação concluída: aerogeradores_consolidado_20250601_175123.csv
2025-06-01 18:29:37 - __main__ - INFO - Validação de conectividade concluída com sucesso
2025-06-01 18:29:37 - __main__ - INFO - Extração concluída: 24 arquivos
2025-06-01 18:29:37 - __main__ - INFO - Validação dos dados extraídos concluída com sucesso
2025-06-01 18:31:00 - __main__ - ERROR - Erro durante transformação: 'reason'
2025-06-01 18:31:45 - __main__ - ERROR - Erro durante transformação: Não precisa transformar, não há atualização
2025-06-01 18:32:26 - __main__ - ERROR - Erro durante transformação: Não precisa transformar, não há atualização
2025-06-01 18:32:34 - __main__ - ERROR - Erro durante transformação: Não precisa transformar, não há atualização
2025-06-01 18:34:37 - __main__ - ERROR - Erro durante transformação: Não precisa transformar, não há atualização
2025-06-01 18:46:04 - __main__ - INFO - Validação de conectividade concluída com sucesso
2025-06-01 18:46:13 - __main__ - INFO - Extração concluída: 24 arquivos
2025-06-01 18:46:13 - __main__ - INFO - Validação dos dados extraídos concluída com sucesso
2025-06-01 18:46:13 - __main__ - INFO - Transformação concluída: 24 parquets
2025-06-01 18:46:13 - __main__ - INFO - Consolidação concluída: aerogeradores_consolidado_20250601_184613.csv
